<?xml version="1.0" encoding="UTF-8"?>
<testng-results skipped="0" failed="0" ignored="0" total="1" passed="1">
  <reporter-output>
  </reporter-output>
  <suite name="Default suite" duration-ms="16760" started-at="2019-07-24T07:56:27Z" finished-at="2019-07-24T07:56:44Z">
    <groups>
    </groups>
    <test name="Default test" duration-ms="16760" started-at="2019-07-24T07:56:27Z" finished-at="2019-07-24T07:56:44Z">
      <class name="com.SeleniumJava.OhrmTestNg">
        <test-method status="PASS" signature="setup()[pri:0, instance:com.SeleniumJava.OhrmTestNg@7c16905e]" name="setup" is-config="true" duration-ms="10215" started-at="2019-07-24T07:56:27Z" finished-at="2019-07-24T07:56:37Z">
          <reporter-output>
          </reporter-output>
        </test-method> <!-- setup -->
        <test-method status="PASS" signature="Leave()[pri:0, instance:com.SeleniumJava.OhrmTestNg@7c16905e]" name="Leave" duration-ms="5777" started-at="2019-07-24T07:56:37Z" finished-at="2019-07-24T07:56:43Z">
          <reporter-output>
          </reporter-output>
        </test-method> <!-- Leave -->
        <test-method status="PASS" signature="TearDown()[pri:0, instance:com.SeleniumJava.OhrmTestNg@7c16905e]" name="TearDown" is-config="true" duration-ms="744" started-at="2019-07-24T07:56:43Z" finished-at="2019-07-24T07:56:44Z">
          <reporter-output>
          </reporter-output>
        </test-method> <!-- TearDown -->
      </class> <!-- com.SeleniumJava.OhrmTestNg -->
    </test> <!-- Default test -->
  </suite> <!-- Default suite -->
</testng-results>
